c:\users\kanak\desktop\idsv10\dsr\debug\vc140.pdb
c:\users\kanak\desktop\idsv10\dsr\debug\vc140.idb
c:\users\kanak\desktop\idsv10\dsr\debug\checkroutefound.obj
c:\users\kanak\desktop\idsv10\dsr\debug\dsr.obj
c:\users\kanak\desktop\idsv10\dsr\debug\maintbuffer.obj
c:\users\kanak\desktop\idsv10\dsr\debug\malicious.obj
c:\users\kanak\desktop\idsv10\dsr\debug\network_layer_ack.obj
c:\users\kanak\desktop\idsv10\dsr\debug\packetprocessing.obj
c:\users\kanak\desktop\idsv10\dsr\debug\pathrater.obj
c:\users\kanak\desktop\idsv10\dsr\debug\routecache.obj
c:\users\kanak\desktop\idsv10\dsr\debug\routeerror.obj
c:\users\kanak\desktop\idsv10\dsr\debug\routereply.obj
c:\users\kanak\desktop\idsv10\dsr\debug\routerequest.obj
c:\users\kanak\desktop\idsv10\dsr\debug\sendbuffer.obj
c:\users\kanak\desktop\idsv10\dsr\debug\sourceroute.obj
d:\project_code_repository\trunk\custom_project_codes\v10_all_projects\idsv10\32bit\dsr\debug\checkroutefound.obj
d:\project_code_repository\trunk\custom_project_codes\v10_all_projects\idsv10\32bit\dsr\debug\dsr.obj
d:\project_code_repository\trunk\custom_project_codes\v10_all_projects\idsv10\32bit\dsr\debug\maintbuffer.obj
d:\project_code_repository\trunk\custom_project_codes\v10_all_projects\idsv10\32bit\dsr\debug\malicious.obj
d:\project_code_repository\trunk\custom_project_codes\v10_all_projects\idsv10\32bit\dsr\debug\network_layer_ack.obj
d:\project_code_repository\trunk\custom_project_codes\v10_all_projects\idsv10\32bit\dsr\debug\packetprocessing.obj
d:\project_code_repository\trunk\custom_project_codes\v10_all_projects\idsv10\32bit\dsr\debug\pathrater.obj
d:\project_code_repository\trunk\custom_project_codes\v10_all_projects\idsv10\32bit\dsr\debug\routecache.obj
d:\project_code_repository\trunk\custom_project_codes\v10_all_projects\idsv10\32bit\dsr\debug\routeerror.obj
d:\project_code_repository\trunk\custom_project_codes\v10_all_projects\idsv10\32bit\dsr\debug\routereply.obj
d:\project_code_repository\trunk\custom_project_codes\v10_all_projects\idsv10\32bit\dsr\debug\routerequest.obj
d:\project_code_repository\trunk\custom_project_codes\v10_all_projects\idsv10\32bit\dsr\debug\sendbuffer.obj
d:\project_code_repository\trunk\custom_project_codes\v10_all_projects\idsv10\32bit\dsr\debug\sourceroute.obj
d:\project_code_repository\trunk\custom_project_codes\v10_all_projects\idsv10\32bit\dsr\debug\vc140.idb
d:\project_code_repository\trunk\custom_project_codes\v10_all_projects\idsv10\32bit\dsr\debug\vc140.pdb
d:\project_code_repository\trunk\custom_project_codes\v10_all_projects\idsv10\32bit\dsr\debug\dsr.tlog\cl.command.1.tlog
d:\project_code_repository\trunk\custom_project_codes\v10_all_projects\idsv10\32bit\dsr\debug\dsr.tlog\cl.read.1.tlog
d:\project_code_repository\trunk\custom_project_codes\v10_all_projects\idsv10\32bit\dsr\debug\dsr.tlog\cl.write.1.tlog
d:\project_code_repository\trunk\custom_project_codes\v10_all_projects\idsv10\32bit\dsr\debug\dsr.tlog\link-cvtres.read.1.tlog
d:\project_code_repository\trunk\custom_project_codes\v10_all_projects\idsv10\32bit\dsr\debug\dsr.tlog\link-cvtres.write.1.tlog
d:\project_code_repository\trunk\custom_project_codes\v10_all_projects\idsv10\32bit\dsr\debug\dsr.tlog\link-rc.read.1.tlog
d:\project_code_repository\trunk\custom_project_codes\v10_all_projects\idsv10\32bit\dsr\debug\dsr.tlog\link-rc.write.1.tlog
d:\project_code_repository\trunk\custom_project_codes\v10_all_projects\idsv10\32bit\dsr\debug\dsr.tlog\link.command.1.tlog
d:\project_code_repository\trunk\custom_project_codes\v10_all_projects\idsv10\32bit\dsr\debug\dsr.tlog\link.read.1.tlog
d:\project_code_repository\trunk\custom_project_codes\v10_all_projects\idsv10\32bit\dsr\debug\dsr.tlog\link.write.1.tlog
