d:\project_code_repository\trunk\custom_project_codes\v10_all_projects\idsv10\ieee802_11\x64\debug\vc140.pdb
d:\project_code_repository\trunk\custom_project_codes\v10_all_projects\idsv10\ieee802_11\x64\debug\vc140.idb
d:\project_code_repository\trunk\custom_project_codes\v10_all_projects\idsv10\ieee802_11\x64\debug\ieee802.11_ofdmphy.obj
d:\project_code_repository\trunk\custom_project_codes\v10_all_projects\idsv10\ieee802_11\x64\debug\ieee802_11.obj
d:\project_code_repository\trunk\custom_project_codes\v10_all_projects\idsv10\ieee802_11\x64\debug\ieee802_11ac.obj
d:\project_code_repository\trunk\custom_project_codes\v10_all_projects\idsv10\ieee802_11\x64\debug\ieee802_11e.obj
d:\project_code_repository\trunk\custom_project_codes\v10_all_projects\idsv10\ieee802_11\x64\debug\ieee802_11n.obj
d:\project_code_repository\trunk\custom_project_codes\v10_all_projects\idsv10\ieee802_11\x64\debug\ieee802_11_dsssphy.obj
d:\project_code_repository\trunk\custom_project_codes\v10_all_projects\idsv10\ieee802_11\x64\debug\ieee802_11_enum.obj
d:\project_code_repository\trunk\custom_project_codes\v10_all_projects\idsv10\ieee802_11\x64\debug\ieee802_11_htphy.obj
d:\project_code_repository\trunk\custom_project_codes\v10_all_projects\idsv10\ieee802_11\x64\debug\ieee802_11_mac.obj
d:\project_code_repository\trunk\custom_project_codes\v10_all_projects\idsv10\ieee802_11\x64\debug\ieee802_11_macframe.obj
d:\project_code_repository\trunk\custom_project_codes\v10_all_projects\idsv10\ieee802_11\x64\debug\ieee802_11_phy.obj
d:\project_code_repository\trunk\custom_project_codes\v10_all_projects\idsv10\ieee802_11\x64\debug\ieee802_11_phyframe.obj
d:\project_code_repository\trunk\custom_project_codes\v10_all_projects\idsv10\ieee802_11\x64\debug\ieee802_11_radio.obj
d:\project_code_repository\trunk\custom_project_codes\v10_all_projects\idsv10\ieee802_11\x64\debug\infrastructurebss.obj
d:\project_code_repository\trunk\custom_project_codes\v10_all_projects\idsv10\ieee802_11\x64\debug\meshbss.obj
d:\project_code_repository\trunk\custom_project_codes\v10_all_projects\idsv10\ieee802_11\x64\debug\minstrel.obj
d:\project_code_repository\trunk\custom_project_codes\v10_all_projects\idsv10\ieee802_11\x64\debug\minstrel_ht.obj
d:\project_code_repository\trunk\custom_project_codes\v10_all_projects\idsv10\ieee802_11\x64\debug\propagationmodel.obj
d:\project_code_repository\trunk\custom_project_codes\v10_all_projects\idsv10\ieee802_11\x64\debug\rts_cts.obj
d:\project_code_repository\trunk\custom_project_codes\v10_all_projects\idsv10\ieee802_11\x64\debug\watchdog.obj
d:\project_code_repository\trunk\custom_project_codes\v10_all_projects\idsv10\ieee802_11\x64\debug\csmaca.obj
d:\project_code_repository\trunk\custom_project_codes\v10_all_projects\idsv10\ieee802_11\x64\debug\generic_rateadaptation.obj
d:\project_code_repository\trunk\custom_project_codes\v10_all_projects\idsv10\ieee802_11\x64\debug\ieee1609_interface.obj
d:\project_code_repository\trunk\custom_project_codes\v10_all_projects\idsv10\dll\ieee802_11.lib
d:\project_code_repository\trunk\custom_project_codes\v10_all_projects\idsv10\dll\ieee802_11.exp
d:\project_code_repository\trunk\custom_project_codes\v10_all_projects\idsv10\dll\libieee802.11.dll
d:\project_code_repository\trunk\custom_project_codes\v10_all_projects\idsv10\dll\ieee802_11.pdb
d:\project_code_repository\trunk\custom_project_codes\v10_all_projects\idsv10\64bit\ieee802_11\x64\debug\csmaca.obj
d:\project_code_repository\trunk\custom_project_codes\v10_all_projects\idsv10\64bit\ieee802_11\x64\debug\generic_rateadaptation.obj
d:\project_code_repository\trunk\custom_project_codes\v10_all_projects\idsv10\64bit\ieee802_11\x64\debug\ieee1609_interface.obj
d:\project_code_repository\trunk\custom_project_codes\v10_all_projects\idsv10\64bit\ieee802_11\x64\debug\ieee802.11_ofdmphy.obj
d:\project_code_repository\trunk\custom_project_codes\v10_all_projects\idsv10\64bit\ieee802_11\x64\debug\ieee802_11.obj
d:\project_code_repository\trunk\custom_project_codes\v10_all_projects\idsv10\64bit\ieee802_11\x64\debug\ieee802_11ac.obj
d:\project_code_repository\trunk\custom_project_codes\v10_all_projects\idsv10\64bit\ieee802_11\x64\debug\ieee802_11e.obj
d:\project_code_repository\trunk\custom_project_codes\v10_all_projects\idsv10\64bit\ieee802_11\x64\debug\ieee802_11n.obj
d:\project_code_repository\trunk\custom_project_codes\v10_all_projects\idsv10\64bit\ieee802_11\x64\debug\ieee802_11_dsssphy.obj
d:\project_code_repository\trunk\custom_project_codes\v10_all_projects\idsv10\64bit\ieee802_11\x64\debug\ieee802_11_enum.obj
d:\project_code_repository\trunk\custom_project_codes\v10_all_projects\idsv10\64bit\ieee802_11\x64\debug\ieee802_11_htphy.obj
d:\project_code_repository\trunk\custom_project_codes\v10_all_projects\idsv10\64bit\ieee802_11\x64\debug\ieee802_11_mac.obj
d:\project_code_repository\trunk\custom_project_codes\v10_all_projects\idsv10\64bit\ieee802_11\x64\debug\ieee802_11_macframe.obj
d:\project_code_repository\trunk\custom_project_codes\v10_all_projects\idsv10\64bit\ieee802_11\x64\debug\ieee802_11_phy.obj
d:\project_code_repository\trunk\custom_project_codes\v10_all_projects\idsv10\64bit\ieee802_11\x64\debug\ieee802_11_phyframe.obj
d:\project_code_repository\trunk\custom_project_codes\v10_all_projects\idsv10\64bit\ieee802_11\x64\debug\ieee802_11_radio.obj
d:\project_code_repository\trunk\custom_project_codes\v10_all_projects\idsv10\64bit\ieee802_11\x64\debug\infrastructurebss.obj
d:\project_code_repository\trunk\custom_project_codes\v10_all_projects\idsv10\64bit\ieee802_11\x64\debug\meshbss.obj
d:\project_code_repository\trunk\custom_project_codes\v10_all_projects\idsv10\64bit\ieee802_11\x64\debug\minstrel.obj
d:\project_code_repository\trunk\custom_project_codes\v10_all_projects\idsv10\64bit\ieee802_11\x64\debug\minstrel_ht.obj
d:\project_code_repository\trunk\custom_project_codes\v10_all_projects\idsv10\64bit\ieee802_11\x64\debug\propagationmodel.obj
d:\project_code_repository\trunk\custom_project_codes\v10_all_projects\idsv10\64bit\ieee802_11\x64\debug\rts_cts.obj
d:\project_code_repository\trunk\custom_project_codes\v10_all_projects\idsv10\64bit\ieee802_11\x64\debug\watchdog.obj
d:\project_code_repository\trunk\custom_project_codes\v10_all_projects\idsv10\64bit\ieee802_11\x64\debug\vc140.idb
d:\project_code_repository\trunk\custom_project_codes\v10_all_projects\idsv10\64bit\ieee802_11\x64\debug\vc140.pdb
d:\project_code_repository\trunk\custom_project_codes\v10_all_projects\idsv10\64bit\ieee802_11\x64\debug\ieee802_11.tlog\cl.command.1.tlog
d:\project_code_repository\trunk\custom_project_codes\v10_all_projects\idsv10\64bit\ieee802_11\x64\debug\ieee802_11.tlog\cl.read.1.tlog
d:\project_code_repository\trunk\custom_project_codes\v10_all_projects\idsv10\64bit\ieee802_11\x64\debug\ieee802_11.tlog\cl.write.1.tlog
d:\project_code_repository\trunk\custom_project_codes\v10_all_projects\idsv10\64bit\ieee802_11\x64\debug\ieee802_11.tlog\ieee802_11.write.1u.tlog
d:\project_code_repository\trunk\custom_project_codes\v10_all_projects\idsv10\64bit\ieee802_11\x64\debug\ieee802_11.tlog\link.command.1.tlog
d:\project_code_repository\trunk\custom_project_codes\v10_all_projects\idsv10\64bit\ieee802_11\x64\debug\ieee802_11.tlog\link.read.1.tlog
d:\project_code_repository\trunk\custom_project_codes\v10_all_projects\idsv10\64bit\ieee802_11\x64\debug\ieee802_11.tlog\link.write.1.tlog
