d:\project_code_repository\trunk\custom_project_codes\v10_all_projects\idsv10\dsr\x64\debug\vc140.pdb
d:\project_code_repository\trunk\custom_project_codes\v10_all_projects\idsv10\dsr\x64\debug\vc140.idb
d:\project_code_repository\trunk\custom_project_codes\v10_all_projects\idsv10\dsr\x64\debug\checkroutefound.obj
d:\project_code_repository\trunk\custom_project_codes\v10_all_projects\idsv10\dsr\x64\debug\dsr.obj
d:\project_code_repository\trunk\custom_project_codes\v10_all_projects\idsv10\dsr\x64\debug\maintbuffer.obj
d:\project_code_repository\trunk\custom_project_codes\v10_all_projects\idsv10\dsr\x64\debug\malicious.obj
d:\project_code_repository\trunk\custom_project_codes\v10_all_projects\idsv10\dsr\x64\debug\network_layer_ack.obj
d:\project_code_repository\trunk\custom_project_codes\v10_all_projects\idsv10\dsr\x64\debug\packetprocessing.obj
d:\project_code_repository\trunk\custom_project_codes\v10_all_projects\idsv10\dsr\x64\debug\pathrater.obj
d:\project_code_repository\trunk\custom_project_codes\v10_all_projects\idsv10\dsr\x64\debug\routecache.obj
d:\project_code_repository\trunk\custom_project_codes\v10_all_projects\idsv10\dsr\x64\debug\routeerror.obj
d:\project_code_repository\trunk\custom_project_codes\v10_all_projects\idsv10\dsr\x64\debug\routereply.obj
d:\project_code_repository\trunk\custom_project_codes\v10_all_projects\idsv10\dsr\x64\debug\routerequest.obj
d:\project_code_repository\trunk\custom_project_codes\v10_all_projects\idsv10\dsr\x64\debug\sendbuffer.obj
d:\project_code_repository\trunk\custom_project_codes\v10_all_projects\idsv10\dsr\x64\debug\sourceroute.obj
d:\project_code_repository\trunk\custom_project_codes\v10_all_projects\idsv10\dll\dsr.lib
d:\project_code_repository\trunk\custom_project_codes\v10_all_projects\idsv10\dll\dsr.exp
d:\project_code_repository\trunk\custom_project_codes\v10_all_projects\idsv10\dll\libdsr.dll
d:\project_code_repository\trunk\custom_project_codes\v10_all_projects\idsv10\dll\dsr.pdb
d:\project_code_repository\trunk\custom_project_codes\v10_all_projects\idsv10\dsr\x64\debug\dsr.tlog\cl.command.1.tlog
d:\project_code_repository\trunk\custom_project_codes\v10_all_projects\idsv10\dsr\x64\debug\dsr.tlog\cl.read.1.tlog
d:\project_code_repository\trunk\custom_project_codes\v10_all_projects\idsv10\dsr\x64\debug\dsr.tlog\cl.write.1.tlog
d:\project_code_repository\trunk\custom_project_codes\v10_all_projects\idsv10\dsr\x64\debug\dsr.tlog\dsr.write.1u.tlog
d:\project_code_repository\trunk\custom_project_codes\v10_all_projects\idsv10\dsr\x64\debug\dsr.tlog\link.command.1.tlog
d:\project_code_repository\trunk\custom_project_codes\v10_all_projects\idsv10\dsr\x64\debug\dsr.tlog\link.read.1.tlog
d:\project_code_repository\trunk\custom_project_codes\v10_all_projects\idsv10\dsr\x64\debug\dsr.tlog\link.write.1.tlog
